d:\program\vs\graphic\graphic\debug\vc141.pdb
d:\program\vs\graphic\graphic\debug\vc141.idb
d:\program\vs\graphic\graphic\debug\vertexshader.obj
d:\program\vs\graphic\graphic\debug\pixelshader.obj
d:\program\vs\graphic\graphic\debug\mouse.obj
d:\program\vs\graphic\graphic\debug\imgui_widgets.obj
d:\program\vs\graphic\graphic\debug\imgui_tables.obj
d:\program\vs\graphic\graphic\debug\imgui_impl_win32.obj
d:\program\vs\graphic\graphic\debug\imgui_impl_dx11.obj
d:\program\vs\graphic\graphic\debug\imgui_draw.obj
d:\program\vs\graphic\graphic\debug\imgui_demo.obj
d:\program\vs\graphic\graphic\debug\imgui.obj
d:\program\vs\graphic\graphic\debug\errors.obj
d:\program\vs\graphic\graphic\debug\dxerr.obj
d:\program\vs\graphic\graphic\debug\constantbuff.obj
d:\program\vs\graphic\graphic\debug\camera.obj
d:\program\vs\graphic\graphic\debug\windowsclass.obj
d:\program\vs\graphic\graphic\debug\triangle.obj
d:\program\vs\graphic\graphic\debug\scene.obj
d:\program\vs\graphic\graphic\debug\graphic.obj
d:\program\vs\graphic\graphic\debug\entry.obj
d:\program\vs\graphic\graphic\pixelshader.cso
d:\program\vs\graphic\graphic\vertexshader.cso
d:\program\vs\graphic\debug\graphic.pdb
d:\program\vs\graphic\debug\graphic.exe
d:\program\vs\graphic\debug\graphic.ilk
d:\program\vs\graphic\graphic\debug\graphic.tlog\cl.command.1.tlog
d:\program\vs\graphic\graphic\debug\graphic.tlog\cl.read.1.tlog
d:\program\vs\graphic\graphic\debug\graphic.tlog\cl.write.1.tlog
d:\program\vs\graphic\graphic\debug\graphic.tlog\fxc.command.1.tlog
d:\program\vs\graphic\graphic\debug\graphic.tlog\fxc.read.1.tlog
d:\program\vs\graphic\graphic\debug\graphic.tlog\fxc.write.1.tlog
d:\program\vs\graphic\graphic\debug\graphic.tlog\link.command.1.tlog
d:\program\vs\graphic\graphic\debug\graphic.tlog\link.read.1.tlog
d:\program\vs\graphic\graphic\debug\graphic.tlog\link.write.1.tlog
